<?xml version="1.0" encoding="UTF-8"?>
<!-- Generated by org.testng.reporters.JUnitReportReporter -->
<testsuite hostname="Lekha-LP-289" failures="0" tests="3" name="swaglab_test.LoginTest" time="9.678" errors="0" timestamp="15 Jun 2025 05:04:41 GMT" skipped="0">
  <testcase classname="swaglab_test.LoginTest" name="LoginSuccessTest" time="1.777"/>
  <testcase classname="swaglab_test.LoginTest" name="LoginFailureTest" time="2.423"/>
  <testcase classname="swaglab_test.LoginTest" name="LockedUserLoginFailureTest" time="5.478"/>
</testsuite> <!-- swaglab_test.LoginTest -->
