<?xml version="1.0" encoding="UTF-8"?>
<!-- Generated by org.testng.reporters.JUnitReportReporter -->
<testsuite hostname="Lekha-LP-289" failures="0" tests="3" name="swaglab_test.LoginTest" time="7.054" errors="0" timestamp="14 Jun 2025 16:20:59 GMT" skipped="0">
  <testcase classname="swaglab_test.LoginTest" name="LoginSuccessTest" time="2.901"/>
  <testcase classname="swaglab_test.LoginTest" name="LoginFailureTest" time="2.027"/>
  <testcase classname="swaglab_test.LoginTest" name="LockedUserLoginFailureTest" time="2.126"/>
</testsuite> <!-- swaglab_test.LoginTest -->
