<?xml version="1.0" encoding="UTF-8"?>
<!-- Generated by org.testng.reporters.JUnitReportReporter -->
<testsuite hostname="Lekha-LP-289" failures="0" tests="1" name="testng.AnnotationsExample2" time="0.001" errors="0" timestamp="19 Apr 2025 07:21:09 GMT" skipped="0">
  <testcase classname="testng.AnnotationsExample2" name="test4" time="0.001"/>
</testsuite> <!-- testng.AnnotationsExample2 -->
