<?xml version="1.0" encoding="UTF-8"?>
<!-- Generated by org.testng.reporters.JUnitReportReporter -->
<testsuite hostname="Lekha-LP-289" failures="0" tests="2" name="testng.AnnotationsExample" time="0.008" errors="0" timestamp="19 Apr 2025 07:21:09 GMT" skipped="0">
  <testcase classname="testng.AnnotationsExample" name="test2" time="0.001"/>
  <testcase classname="testng.AnnotationsExample" name="test1" time="0.007"/>
</testsuite> <!-- testng.AnnotationsExample -->
