<?xml version="1.0" encoding="UTF-8"?>
<!-- Generated by org.testng.reporters.JUnitReportReporter -->
<testsuite hostname="Lekha-LP-289" failures="0" tests="1" name="swaglab_test.ProductsTest" time="1.892" errors="0" timestamp="17 May 2025 02:37:52 GMT" skipped="0">
  <testcase classname="swaglab_test.ProductsTest" name="AddToCartTest" time="1.892"/>
</testsuite> <!-- swaglab_test.ProductsTest -->
